# JRE version: OpenJDK Runtime Environment (8.0_265-b01) (build 1.8.0_265-b01)
# Java VM: OpenJDK 64-Bit Server VM (25.265-b01 mixed mode windows-amd64 compressed oops)
Heap:
 def new generation   total 78016K, used 39094K [0x00000000a2400000, 0x00000000a78a0000, 0x00000000c1800000)
  eden space 69376K,  51% used [0x00000000a2400000, 0x00000000a470eca8, 0x00000000a67c0000)
  from space 8640K,  36% used [0x00000000a67c0000, 0x00000000a6adeb68, 0x00000000a7030000)
  to   space 8640K,   0% used [0x00000000a7030000, 0x00000000a7030000, 0x00000000a78a0000)
 tenured generation   total 173440K, used 15351K [0x00000000c1800000, 0x00000000cc160000, 0x0000000100000000)
   the space 173440K,   8% used [0x00000000c1800000, 0x00000000c26fdd78, 0x00000000c26fde00, 0x00000000cc160000)
 Metaspace       used 20555K, capacity 21020K, committed 21120K, reserved 1069056K
  class space    used 2239K, capacity 2340K, committed 2432K, reserved 1048576K
GC Heap History (10 events):
Event: 3.251 GC heap before
{Heap before GC invocations=7 (full 0):
 def new generation   total 78016K, used 74832K [0x00000000a2400000, 0x00000000a78a0000, 0x00000000c1800000)
  eden space 69376K, 100% used [0x00000000a2400000, 0x00000000a67c0000, 0x00000000a67c0000)
  from space 8640K,  63% used [0x00000000a7030000, 0x00000000a75840f8, 0x00000000a78a0000)
  to   space 8640K,   0% used [0x00000000a67c0000, 0x00000000a67c0000, 0x00000000a7030000)
 tenured generation   total 173440K, used 13443K [0x00000000c1800000, 0x00000000cc160000, 0x0000000100000000)
   the space 173440K,   7% used [0x00000000c1800000, 0x00000000c2520ec0, 0x00000000c2521000, 0x00000000cc160000)
 Metaspace       used 16831K, capacity 17034K, committed 17280K, reserved 1064960K
  class space    used 1801K, capacity 1857K, committed 1920K, reserved 1048576K
Event: 3.259 GC heap after
Heap after GC invocations=8 (full 0):
 def new generation   total 78016K, used 4670K [0x00000000a2400000, 0x00000000a78a0000, 0x00000000c1800000)
  eden space 69376K,   0% used [0x00000000a2400000, 0x00000000a2400000, 0x00000000a67c0000)
  from space 8640K,  54% used [0x00000000a67c0000, 0x00000000a6c4f808, 0x00000000a7030000)
  to   space 8640K,   0% used [0x00000000a7030000, 0x00000000a7030000, 0x00000000a78a0000)
 tenured generation   total 173440K, used 13591K [0x00000000c1800000, 0x00000000cc160000, 0x0000000100000000)
   the space 173440K,   7% used [0x00000000c1800000, 0x00000000c2545d50, 0x00000000c2545e00, 0x00000000cc160000)
 Metaspace       used 16831K, capacity 17034K, committed 17280K, reserved 1064960K
  class space    used 1801K, capacity 1857K, committed 1920K, reserved 1048576K
}
Event: 3.950 GC heap before
{Heap before GC invocations=8 (full 0):
 def new generation   total 78016K, used 74046K [0x00000000a2400000, 0x00000000a78a0000, 0x00000000c1800000)
  eden space 69376K, 100% used [0x00000000a2400000, 0x00000000a67c0000, 0x00000000a67c0000)
  from space 8640K,  54% used [0x00000000a67c0000, 0x00000000a6c4f808, 0x00000000a7030000)
  to   space 8640K,   0% used [0x00000000a7030000, 0x00000000a7030000, 0x00000000a78a0000)
 tenured generation   total 173440K, used 13591K [0x00000000c1800000, 0x00000000cc160000, 0x0000000100000000)
   the space 173440K,   7% used [0x00000000c1800000, 0x00000000c2545d50, 0x00000000c2545e00, 0x00000000cc160000)
 Metaspace       used 18366K, capacity 18622K, committed 19072K, reserved 1067008K
  class space    used 2007K, capacity 2063K, committed 2176K, reserved 1048576K
Event: 3.960 GC heap after
Heap after GC invocations=9 (full 0):
 def new generation   total 78016K, used 2704K [0x00000000a2400000, 0x00000000a78a0000, 0x00000000c1800000)
  eden space 69376K,   0% used [0x00000000a2400000, 0x00000000a2400000, 0x00000000a67c0000)
  from space 8640K,  31% used [0x00000000a7030000, 0x00000000a72d40a8, 0x00000000a78a0000)
  to   space 8640K,   0% used [0x00000000a67c0000, 0x00000000a67c0000, 0x00000000a7030000)
 tenured generation   total 173440K, used 15351K [0x00000000c1800000, 0x00000000cc160000, 0x0000000100000000)
   the space 173440K,   8% used [0x00000000c1800000, 0x00000000c26fdd78, 0x00000000c26fde00, 0x00000000cc160000)
 Metaspace       used 18366K, capacity 18622K, committed 19072K, reserved 1067008K
  class space    used 2007K, capacity 2063K, committed 2176K, reserved 1048576K
}
Event: 4.068 GC heap before
{Heap before GC invocations=9 (full 0):
 def new generation   total 78016K, used 72080K [0x00000000a2400000, 0x00000000a78a0000, 0x00000000c1800000)
  eden space 69376K, 100% used [0x00000000a2400000, 0x00000000a67c0000, 0x00000000a67c0000)
  from space 8640K,  31% used [0x00000000a7030000, 0x00000000a72d40a8, 0x00000000a78a0000)
  to   space 8640K,   0% used [0x00000000a67c0000, 0x00000000a67c0000, 0x00000000a7030000)
 tenured generation   total 173440K, used 15351K [0x00000000c1800000, 0x00000000cc160000, 0x0000000100000000)
   the space 173440K,   8% used [0x00000000c1800000, 0x00000000c26fdd78, 0x00000000c26fde00, 0x00000000cc160000)
 Metaspace       used 18411K, capacity 18654K, committed 19072K, reserved 1067008K
  class space    used 2014K, capacity 2095K, committed 2176K, reserved 1048576K
Event: 4.072 GC heap after
Heap after GC invocations=10 (full 0):
 def new generation   total 78016K, used 1372K [0x00000000a2400000, 0x00000000a78a0000, 0x00000000c1800000)
  eden space 69376K,   0% used [0x00000000a2400000, 0x00000000a2400000, 0x00000000a67c0000)
  from space 8640K,  15% used [0x00000000a67c0000, 0x00000000a6917110, 0x00000000a7030000)
  to   space 8640K,   0% used [0x00000000a7030000, 0x00000000a7030000, 0x00000000a78a0000)
 tenured generation   total 173440K, used 15351K [0x00000000c1800000, 0x00000000cc160000, 0x0000000100000000)
   the space 173440K,   8% used [0x00000000c1800000, 0x00000000c26fdd78, 0x00000000c26fde00, 0x00000000cc160000)
 Metaspace       used 18411K, capacity 18654K, committed 19072K, reserved 1067008K
  class space    used 2014K, capacity 2095K, committed 2176K, reserved 1048576K
}
Event: 4.209 GC heap before
{Heap before GC invocations=10 (full 0):
 def new generation   total 78016K, used 70748K [0x00000000a2400000, 0x00000000a78a0000, 0x00000000c1800000)
  eden space 69376K, 100% used [0x00000000a2400000, 0x00000000a67c0000, 0x00000000a67c0000)
  from space 8640K,  15% used [0x00000000a67c0000, 0x00000000a6917110, 0x00000000a7030000)
  to   space 8640K,   0% used [0x00000000a7030000, 0x00000000a7030000, 0x00000000a78a0000)
 tenured generation   total 173440K, used 15351K [0x00000000c1800000, 0x00000000cc160000, 0x0000000100000000)
   the space 173440K,   8% used [0x00000000c1800000, 0x00000000c26fdd78, 0x00000000c26fde00, 0x00000000cc160000)
 Metaspace       used 18463K, capacity 18782K, committed 19072K, reserved 1067008K
  class space    used 2026K, capacity 2095K, committed 2176K, reserved 1048576K
Event: 4.214 GC heap after
Heap after GC invocations=11 (full 0):
 def new generation   total 78016K, used 1436K [0x00000000a2400000, 0x00000000a78a0000, 0x00000000c1800000)
  eden space 69376K,   0% used [0x00000000a2400000, 0x00000000a2400000, 0x00000000a67c0000)
  from space 8640K,  16% used [0x00000000a7030000, 0x00000000a71971f0, 0x00000000a78a0000)
  to   space 8640K,   0% used [0x00000000a67c0000, 0x00000000a67c0000, 0x00000000a7030000)
 tenured generation   total 173440K, used 15351K [0x00000000c1800000, 0x00000000cc160000, 0x0000000100000000)
   the space 173440K,   8% used [0x00000000c1800000, 0x00000000c26fdd78, 0x00000000c26fde00, 0x00000000cc160000)
 Metaspace       used 18463K, capacity 18782K, committed 19072K, reserved 1067008K
  class space    used 2026K, capacity 2095K, committed 2176K, reserved 1048576K
}
Event: 4.655 GC heap before
{Heap before GC invocations=11 (full 0):
 def new generation   total 78016K, used 70812K [0x00000000a2400000, 0x00000000a78a0000, 0x00000000c1800000)
  eden space 69376K, 100% used [0x00000000a2400000, 0x00000000a67c0000, 0x00000000a67c0000)
  from space 8640K,  16% used [0x00000000a7030000, 0x00000000a71971f0, 0x00000000a78a0000)
  to   space 8640K,   0% used [0x00000000a67c0000, 0x00000000a67c0000, 0x00000000a7030000)
 tenured generation   total 173440K, used 15351K [0x00000000c1800000, 0x00000000cc160000, 0x0000000100000000)
   the space 173440K,   8% used [0x00000000c1800000, 0x00000000c26fdd78, 0x00000000c26fde00, 0x00000000cc160000)
 Metaspace       used 19510K, capacity 19944K, committed 20224K, reserved 1067008K
  class space    used 2136K, capacity 2230K, committed 2304K, reserved 1048576K
Event: 4.663 GC heap after
Heap after GC invocations=12 (full 0):
 def new generation   total 78016K, used 3194K [0x00000000a2400000, 0x00000000a78a0000, 0x00000000c1800000)
  eden space 69376K,   0% used [0x00000000a2400000, 0x00000000a2400000, 0x00000000a67c0000)
  from space 8640K,  36% used [0x00000000a67c0000, 0x00000000a6adeb68, 0x00000000a7030000)
  to   space 8640K,   0% used [0x00000000a7030000, 0x00000000a7030000, 0x00000000a78a0000)
 tenured generation   total 173440K, used 15351K [0x00000000c1800000, 0x00000000cc160000, 0x0000000100000000)
   the space 173440K,   8% used [0x00000000c1800000, 0x00000000c26fdd78, 0x00000000c26fde00, 0x00000000cc160000)
 Metaspace       used 19510K, capacity 19944K, committed 20224K, reserved 1067008K
  class space    used 2136K, capacity 2230K, committed 2304K, reserved 1048576K
}

