# JRE version: OpenJDK Runtime Environment (8.0_265-b01) (build 1.8.0_265-b01)
# Java VM: OpenJDK 64-Bit Server VM (25.265-b01 mixed mode windows-amd64 compressed oops)
Heap:
 def new generation   total 78016K, used 35610K [0x00000000a2400000, 0x00000000a78a0000, 0x00000000c1800000)
  eden space 69376K,  44% used [0x00000000a2400000, 0x00000000a4240718, 0x00000000a67c0000)
  from space 8640K,  53% used [0x00000000a67c0000, 0x00000000a6c463d8, 0x00000000a7030000)
  to   space 8640K,   0% used [0x00000000a7030000, 0x00000000a7030000, 0x00000000a78a0000)
 tenured generation   total 173440K, used 13567K [0x00000000c1800000, 0x00000000cc160000, 0x0000000100000000)
   the space 173440K,   7% used [0x00000000c1800000, 0x00000000c253fd88, 0x00000000c253fe00, 0x00000000cc160000)
 Metaspace       used 17598K, capacity 17824K, committed 18176K, reserved 1064960K
  class space    used 1876K, capacity 1930K, committed 2048K, reserved 1048576K
GC Heap History (10 events):
Event: 2.052 GC heap before
{Heap before GC invocations=3 (full 0):
 def new generation   total 78016K, used 74865K [0x00000000a2400000, 0x00000000a78a0000, 0x00000000c1800000)
  eden space 69376K, 100% used [0x00000000a2400000, 0x00000000a67c0000, 0x00000000a67c0000)
  from space 8640K,  63% used [0x00000000a7030000, 0x00000000a758c570, 0x00000000a78a0000)
  to   space 8640K,   0% used [0x00000000a67c0000, 0x00000000a67c0000, 0x00000000a7030000)
 tenured generation   total 173440K, used 12537K [0x00000000c1800000, 0x00000000cc160000, 0x0000000100000000)
   the space 173440K,   7% used [0x00000000c1800000, 0x00000000c243e5b0, 0x00000000c243e600, 0x00000000cc160000)
 Metaspace       used 13956K, capacity 14150K, committed 14464K, reserved 1062912K
  class space    used 1488K, capacity 1563K, committed 1664K, reserved 1048576K
Event: 2.068 GC heap after
Heap after GC invocations=4 (full 0):
 def new generation   total 78016K, used 5343K [0x00000000a2400000, 0x00000000a78a0000, 0x00000000c1800000)
  eden space 69376K,   0% used [0x00000000a2400000, 0x00000000a2400000, 0x00000000a67c0000)
  from space 8640K,  61% used [0x00000000a67c0000, 0x00000000a6cf7e80, 0x00000000a7030000)
  to   space 8640K,   0% used [0x00000000a7030000, 0x00000000a7030000, 0x00000000a78a0000)
 tenured generation   total 173440K, used 12885K [0x00000000c1800000, 0x00000000cc160000, 0x0000000100000000)
   the space 173440K,   7% used [0x00000000c1800000, 0x00000000c24956b0, 0x00000000c2495800, 0x00000000cc160000)
 Metaspace       used 13956K, capacity 14150K, committed 14464K, reserved 1062912K
  class space    used 1488K, capacity 1563K, committed 1664K, reserved 1048576K
}
Event: 2.312 GC heap before
{Heap before GC invocations=4 (full 0):
 def new generation   total 78016K, used 74719K [0x00000000a2400000, 0x00000000a78a0000, 0x00000000c1800000)
  eden space 69376K, 100% used [0x00000000a2400000, 0x00000000a67c0000, 0x00000000a67c0000)
  from space 8640K,  61% used [0x00000000a67c0000, 0x00000000a6cf7e80, 0x00000000a7030000)
  to   space 8640K,   0% used [0x00000000a7030000, 0x00000000a7030000, 0x00000000a78a0000)
 tenured generation   total 173440K, used 12885K [0x00000000c1800000, 0x00000000cc160000, 0x0000000100000000)
   the space 173440K,   7% used [0x00000000c1800000, 0x00000000c24956b0, 0x00000000c2495800, 0x00000000cc160000)
 Metaspace       used 13997K, capacity 14214K, committed 14464K, reserved 1062912K
  class space    used 1488K, capacity 1563K, committed 1664K, reserved 1048576K
Event: 2.324 GC heap after
Heap after GC invocations=5 (full 0):
 def new generation   total 78016K, used 5366K [0x00000000a2400000, 0x00000000a78a0000, 0x00000000c1800000)
  eden space 69376K,   0% used [0x00000000a2400000, 0x00000000a2400000, 0x00000000a67c0000)
  from space 8640K,  62% used [0x00000000a7030000, 0x00000000a756db48, 0x00000000a78a0000)
  to   space 8640K,   0% used [0x00000000a67c0000, 0x00000000a67c0000, 0x00000000a7030000)
 tenured generation   total 173440K, used 13089K [0x00000000c1800000, 0x00000000cc160000, 0x0000000100000000)
   the space 173440K,   7% used [0x00000000c1800000, 0x00000000c24c87f8, 0x00000000c24c8800, 0x00000000cc160000)
 Metaspace       used 13997K, capacity 14214K, committed 14464K, reserved 1062912K
  class space    used 1488K, capacity 1563K, committed 1664K, reserved 1048576K
}
Event: 2.561 GC heap before
{Heap before GC invocations=5 (full 0):
 def new generation   total 78016K, used 74742K [0x00000000a2400000, 0x00000000a78a0000, 0x00000000c1800000)
  eden space 69376K, 100% used [0x00000000a2400000, 0x00000000a67c0000, 0x00000000a67c0000)
  from space 8640K,  62% used [0x00000000a7030000, 0x00000000a756db48, 0x00000000a78a0000)
  to   space 8640K,   0% used [0x00000000a67c0000, 0x00000000a67c0000, 0x00000000a7030000)
 tenured generation   total 173440K, used 13089K [0x00000000c1800000, 0x00000000cc160000, 0x0000000100000000)
   the space 173440K,   7% used [0x00000000c1800000, 0x00000000c24c87f8, 0x00000000c24c8800, 0x00000000cc160000)
 Metaspace       used 14034K, capacity 14284K, committed 14464K, reserved 1062912K
  class space    used 1489K, capacity 1564K, committed 1664K, reserved 1048576K
Event: 2.579 GC heap after
Heap after GC invocations=6 (full 0):
 def new generation   total 78016K, used 5509K [0x00000000a2400000, 0x00000000a78a0000, 0x00000000c1800000)
  eden space 69376K,   0% used [0x00000000a2400000, 0x00000000a2400000, 0x00000000a67c0000)
  from space 8640K,  63% used [0x00000000a67c0000, 0x00000000a6d21780, 0x00000000a7030000)
  to   space 8640K,   0% used [0x00000000a7030000, 0x00000000a7030000, 0x00000000a78a0000)
 tenured generation   total 173440K, used 13230K [0x00000000c1800000, 0x00000000cc160000, 0x0000000100000000)
   the space 173440K,   7% used [0x00000000c1800000, 0x00000000c24ebaf8, 0x00000000c24ebc00, 0x00000000cc160000)
 Metaspace       used 14034K, capacity 14284K, committed 14464K, reserved 1062912K
  class space    used 1489K, capacity 1564K, committed 1664K, reserved 1048576K
}
Event: 2.813 GC heap before
{Heap before GC invocations=6 (full 0):
 def new generation   total 78016K, used 74885K [0x00000000a2400000, 0x00000000a78a0000, 0x00000000c1800000)
  eden space 69376K, 100% used [0x00000000a2400000, 0x00000000a67c0000, 0x00000000a67c0000)
  from space 8640K,  63% used [0x00000000a67c0000, 0x00000000a6d21780, 0x00000000a7030000)
  to   space 8640K,   0% used [0x00000000a7030000, 0x00000000a7030000, 0x00000000a78a0000)
 tenured generation   total 173440K, used 13230K [0x00000000c1800000, 0x00000000cc160000, 0x0000000100000000)
   the space 173440K,   7% used [0x00000000c1800000, 0x00000000c24ebaf8, 0x00000000c24ebc00, 0x00000000cc160000)
 Metaspace       used 14125K, capacity 14354K, committed 14720K, reserved 1062912K
  class space    used 1490K, capacity 1565K, committed 1664K, reserved 1048576K
Event: 2.825 GC heap after
Heap after GC invocations=7 (full 0):
 def new generation   total 78016K, used 5468K [0x00000000a2400000, 0x00000000a78a0000, 0x00000000c1800000)
  eden space 69376K,   0% used [0x00000000a2400000, 0x00000000a2400000, 0x00000000a67c0000)
  from space 8640K,  63% used [0x00000000a7030000, 0x00000000a7587360, 0x00000000a78a0000)
  to   space 8640K,   0% used [0x00000000a67c0000, 0x00000000a67c0000, 0x00000000a7030000)
 tenured generation   total 173440K, used 13418K [0x00000000c1800000, 0x00000000cc160000, 0x0000000100000000)
   the space 173440K,   7% used [0x00000000c1800000, 0x00000000c251a8a0, 0x00000000c251aa00, 0x00000000cc160000)
 Metaspace       used 14125K, capacity 14354K, committed 14720K, reserved 1062912K
  class space    used 1490K, capacity 1565K, committed 1664K, reserved 1048576K
}
Event: 3.335 GC heap before
{Heap before GC invocations=7 (full 0):
 def new generation   total 78016K, used 74844K [0x00000000a2400000, 0x00000000a78a0000, 0x00000000c1800000)
  eden space 69376K, 100% used [0x00000000a2400000, 0x00000000a67c0000, 0x00000000a67c0000)
  from space 8640K,  63% used [0x00000000a7030000, 0x00000000a7587360, 0x00000000a78a0000)
  to   space 8640K,   0% used [0x00000000a67c0000, 0x00000000a67c0000, 0x00000000a7030000)
 tenured generation   total 173440K, used 13418K [0x00000000c1800000, 0x00000000cc160000, 0x0000000100000000)
   the space 173440K,   7% used [0x00000000c1800000, 0x00000000c251a8a0, 0x00000000c251aa00, 0x00000000cc160000)
 Metaspace       used 16856K, capacity 17034K, committed 17280K, reserved 1064960K
  class space    used 1800K, capacity 1857K, committed 1920K, reserved 1048576K
Event: 3.344 GC heap after
Heap after GC invocations=8 (full 0):
 def new generation   total 78016K, used 4632K [0x00000000a2400000, 0x00000000a78a0000, 0x00000000c1800000)
  eden space 69376K,   0% used [0x00000000a2400000, 0x00000000a2400000, 0x00000000a67c0000)
  from space 8640K,  53% used [0x00000000a67c0000, 0x00000000a6c463d8, 0x00000000a7030000)
  to   space 8640K,   0% used [0x00000000a7030000, 0x00000000a7030000, 0x00000000a78a0000)
 tenured generation   total 173440K, used 13567K [0x00000000c1800000, 0x00000000cc160000, 0x0000000100000000)
   the space 173440K,   7% used [0x00000000c1800000, 0x00000000c253fd88, 0x00000000c253fe00, 0x00000000cc160000)
 Metaspace       used 16856K, capacity 17034K, committed 17280K, reserved 1064960K
  class space    used 1800K, capacity 1857K, committed 1920K, reserved 1048576K
}

