# JRE version: OpenJDK Runtime Environment (8.0_265-b01) (build 1.8.0_265-b01)
# Java VM: OpenJDK 64-Bit Server VM (25.265-b01 mixed mode windows-amd64 compressed oops)
Heap:
 def new generation   total 78016K, used 35578K [0x00000000a2400000, 0x00000000a78a0000, 0x00000000c1800000)
  eden space 69376K,  43% used [0x00000000a2400000, 0x00000000a41a03c0, 0x00000000a67c0000)
  from space 8640K,  60% used [0x00000000a7030000, 0x00000000a754e768, 0x00000000a78a0000)
  to   space 8640K,   0% used [0x00000000a67c0000, 0x00000000a67c0000, 0x00000000a7030000)
 tenured generation   total 173440K, used 4965K [0x00000000c1800000, 0x00000000cc160000, 0x0000000100000000)
   the space 173440K,   2% used [0x00000000c1800000, 0x00000000c1cd9470, 0x00000000c1cd9600, 0x00000000cc160000)
 Metaspace       used 13128K, capacity 13358K, committed 13568K, reserved 1060864K
  class space    used 1407K, capacity 1467K, committed 1536K, reserved 1048576K
GC Heap History (6 events):
Event: 0.653 GC heap before
{Heap before GC invocations=0 (full 0):
 def new generation   total 78016K, used 69376K [0x00000000a2400000, 0x00000000a78a0000, 0x00000000c1800000)
  eden space 69376K, 100% used [0x00000000a2400000, 0x00000000a67c0000, 0x00000000a67c0000)
  from space 8640K,   0% used [0x00000000a67c0000, 0x00000000a67c0000, 0x00000000a7030000)
  to   space 8640K,   0% used [0x00000000a7030000, 0x00000000a7030000, 0x00000000a78a0000)
 tenured generation   total 173440K, used 0K [0x00000000c1800000, 0x00000000cc160000, 0x0000000100000000)
   the space 173440K,   0% used [0x00000000c1800000, 0x00000000c1800000, 0x00000000c1800200, 0x00000000cc160000)
 Metaspace       used 11566K, capacity 11752K, committed 11904K, reserved 1060864K
  class space    used 1291K, capacity 1338K, committed 1408K, reserved 1048576K
Event: 0.672 GC heap after
Heap after GC invocations=1 (full 0):
 def new generation   total 78016K, used 8640K [0x00000000a2400000, 0x00000000a78a0000, 0x00000000c1800000)
  eden space 69376K,   0% used [0x00000000a2400000, 0x00000000a2400000, 0x00000000a67c0000)
  from space 8640K, 100% used [0x00000000a7030000, 0x00000000a78a0000, 0x00000000a78a0000)
  to   space 8640K,   0% used [0x00000000a67c0000, 0x00000000a67c0000, 0x00000000a7030000)
 tenured generation   total 173440K, used 454K [0x00000000c1800000, 0x00000000cc160000, 0x0000000100000000)
   the space 173440K,   0% used [0x00000000c1800000, 0x00000000c1871b10, 0x00000000c1871c00, 0x00000000cc160000)
 Metaspace       used 11566K, capacity 11752K, committed 11904K, reserved 1060864K
  class space    used 1291K, capacity 1338K, committed 1408K, reserved 1048576K
}
Event: 1.101 GC heap before
{Heap before GC invocations=1 (full 0):
 def new generation   total 78016K, used 78016K [0x00000000a2400000, 0x00000000a78a0000, 0x00000000c1800000)
  eden space 69376K, 100% used [0x00000000a2400000, 0x00000000a67c0000, 0x00000000a67c0000)
  from space 8640K, 100% used [0x00000000a7030000, 0x00000000a78a0000, 0x00000000a78a0000)
  to   space 8640K,   0% used [0x00000000a67c0000, 0x00000000a67c0000, 0x00000000a7030000)
 tenured generation   total 173440K, used 454K [0x00000000c1800000, 0x00000000cc160000, 0x0000000100000000)
   the space 173440K,   0% used [0x00000000c1800000, 0x00000000c1871b10, 0x00000000c1871c00, 0x00000000cc160000)
 Metaspace       used 12939K, capacity 13166K, committed 13312K, reserved 1060864K
  class space    used 1407K, capacity 1467K, committed 1536K, reserved 1048576K
Event: 1.126 GC heap after
Heap after GC invocations=2 (full 0):
 def new generation   total 78016K, used 5205K [0x00000000a2400000, 0x00000000a78a0000, 0x00000000c1800000)
  eden space 69376K,   0% used [0x00000000a2400000, 0x00000000a2400000, 0x00000000a67c0000)
  from space 8640K,  60% used [0x00000000a67c0000, 0x00000000a6cd5738, 0x00000000a7030000)
  to   space 8640K,   0% used [0x00000000a7030000, 0x00000000a7030000, 0x00000000a78a0000)
 tenured generation   total 173440K, used 4453K [0x00000000c1800000, 0x00000000cc160000, 0x0000000100000000)
   the space 173440K,   2% used [0x00000000c1800000, 0x00000000c1c59628, 0x00000000c1c59800, 0x00000000cc160000)
 Metaspace       used 12939K, capacity 13166K, committed 13312K, reserved 1060864K
  class space    used 1407K, capacity 1467K, committed 1536K, reserved 1048576K
}
Event: 1.398 GC heap before
{Heap before GC invocations=2 (full 0):
 def new generation   total 78016K, used 74581K [0x00000000a2400000, 0x00000000a78a0000, 0x00000000c1800000)
  eden space 69376K, 100% used [0x00000000a2400000, 0x00000000a67c0000, 0x00000000a67c0000)
  from space 8640K,  60% used [0x00000000a67c0000, 0x00000000a6cd5738, 0x00000000a7030000)
  to   space 8640K,   0% used [0x00000000a7030000, 0x00000000a7030000, 0x00000000a78a0000)
 tenured generation   total 173440K, used 4453K [0x00000000c1800000, 0x00000000cc160000, 0x0000000100000000)
   the space 173440K,   2% used [0x00000000c1800000, 0x00000000c1c59628, 0x00000000c1c59800, 0x00000000cc160000)
 Metaspace       used 13076K, capacity 13294K, committed 13568K, reserved 1060864K
  class space    used 1407K, capacity 1467K, committed 1536K, reserved 1048576K
Event: 1.417 GC heap after
Heap after GC invocations=3 (full 0):
 def new generation   total 78016K, used 5241K [0x00000000a2400000, 0x00000000a78a0000, 0x00000000c1800000)
  eden space 69376K,   0% used [0x00000000a2400000, 0x00000000a2400000, 0x00000000a67c0000)
  from space 8640K,  60% used [0x00000000a7030000, 0x00000000a754e768, 0x00000000a78a0000)
  to   space 8640K,   0% used [0x00000000a67c0000, 0x00000000a67c0000, 0x00000000a7030000)
 tenured generation   total 173440K, used 4965K [0x00000000c1800000, 0x00000000cc160000, 0x0000000100000000)
   the space 173440K,   2% used [0x00000000c1800000, 0x00000000c1cd9470, 0x00000000c1cd9600, 0x00000000cc160000)
 Metaspace       used 13076K, capacity 13294K, committed 13568K, reserved 1060864K
  class space    used 1407K, capacity 1467K, committed 1536K, reserved 1048576K
}

