# JRE version: OpenJDK Runtime Environment (8.0_265-b01) (build 1.8.0_265-b01)
# Java VM: OpenJDK 64-Bit Server VM (25.265-b01 mixed mode windows-amd64 compressed oops)
Heap:
 def new generation   total 78016K, used 39111K [0x00000000a2400000, 0x00000000a78a0000, 0x00000000c1800000)
  eden space 69376K,  51% used [0x00000000a2400000, 0x00000000a4710bf0, 0x00000000a67c0000)
  from space 8640K,  37% used [0x00000000a67c0000, 0x00000000a6ae1340, 0x00000000a7030000)
  to   space 8640K,   0% used [0x00000000a7030000, 0x00000000a7030000, 0x00000000a78a0000)
 tenured generation   total 173440K, used 15278K [0x00000000c1800000, 0x00000000cc160000, 0x0000000100000000)
   the space 173440K,   8% used [0x00000000c1800000, 0x00000000c26eb830, 0x00000000c26eba00, 0x00000000cc160000)
 Metaspace       used 20584K, capacity 21020K, committed 21120K, reserved 1069056K
  class space    used 2241K, capacity 2340K, committed 2432K, reserved 1048576K
GC Heap History (10 events):
Event: 3.428 GC heap before
{Heap before GC invocations=7 (full 0):
 def new generation   total 78016K, used 74818K [0x00000000a2400000, 0x00000000a78a0000, 0x00000000c1800000)
  eden space 69376K, 100% used [0x00000000a2400000, 0x00000000a67c0000, 0x00000000a67c0000)
  from space 8640K,  62% used [0x00000000a7030000, 0x00000000a75808d8, 0x00000000a78a0000)
  to   space 8640K,   0% used [0x00000000a67c0000, 0x00000000a67c0000, 0x00000000a7030000)
 tenured generation   total 173440K, used 13409K [0x00000000c1800000, 0x00000000cc160000, 0x0000000100000000)
   the space 173440K,   7% used [0x00000000c1800000, 0x00000000c25184c0, 0x00000000c2518600, 0x00000000cc160000)
 Metaspace       used 16856K, capacity 17034K, committed 17280K, reserved 1064960K
  class space    used 1801K, capacity 1857K, committed 1920K, reserved 1048576K
Event: 3.436 GC heap after
Heap after GC invocations=8 (full 0):
 def new generation   total 78016K, used 4373K [0x00000000a2400000, 0x00000000a78a0000, 0x00000000c1800000)
  eden space 69376K,   0% used [0x00000000a2400000, 0x00000000a2400000, 0x00000000a67c0000)
  from space 8640K,  50% used [0x00000000a67c0000, 0x00000000a6c05528, 0x00000000a7030000)
  to   space 8640K,   0% used [0x00000000a7030000, 0x00000000a7030000, 0x00000000a78a0000)
 tenured generation   total 173440K, used 13557K [0x00000000c1800000, 0x00000000cc160000, 0x0000000100000000)
   the space 173440K,   7% used [0x00000000c1800000, 0x00000000c253d428, 0x00000000c253d600, 0x00000000cc160000)
 Metaspace       used 16856K, capacity 17034K, committed 17280K, reserved 1064960K
  class space    used 1801K, capacity 1857K, committed 1920K, reserved 1048576K
}
Event: 4.168 GC heap before
{Heap before GC invocations=8 (full 0):
 def new generation   total 78016K, used 73749K [0x00000000a2400000, 0x00000000a78a0000, 0x00000000c1800000)
  eden space 69376K, 100% used [0x00000000a2400000, 0x00000000a67c0000, 0x00000000a67c0000)
  from space 8640K,  50% used [0x00000000a67c0000, 0x00000000a6c05528, 0x00000000a7030000)
  to   space 8640K,   0% used [0x00000000a7030000, 0x00000000a7030000, 0x00000000a78a0000)
 tenured generation   total 173440K, used 13557K [0x00000000c1800000, 0x00000000cc160000, 0x0000000100000000)
   the space 173440K,   7% used [0x00000000c1800000, 0x00000000c253d428, 0x00000000c253d600, 0x00000000cc160000)
 Metaspace       used 18384K, capacity 18686K, committed 19072K, reserved 1067008K
  class space    used 2009K, capacity 2063K, committed 2176K, reserved 1048576K
Event: 4.181 GC heap after
Heap after GC invocations=9 (full 0):
 def new generation   total 78016K, used 2658K [0x00000000a2400000, 0x00000000a78a0000, 0x00000000c1800000)
  eden space 69376K,   0% used [0x00000000a2400000, 0x00000000a2400000, 0x00000000a67c0000)
  from space 8640K,  30% used [0x00000000a7030000, 0x00000000a72c8b30, 0x00000000a78a0000)
  to   space 8640K,   0% used [0x00000000a67c0000, 0x00000000a67c0000, 0x00000000a7030000)
 tenured generation   total 173440K, used 15278K [0x00000000c1800000, 0x00000000cc160000, 0x0000000100000000)
   the space 173440K,   8% used [0x00000000c1800000, 0x00000000c26eb830, 0x00000000c26eba00, 0x00000000cc160000)
 Metaspace       used 18384K, capacity 18686K, committed 19072K, reserved 1067008K
  class space    used 2009K, capacity 2063K, committed 2176K, reserved 1048576K
}
Event: 4.302 GC heap before
{Heap before GC invocations=9 (full 0):
 def new generation   total 78016K, used 72034K [0x00000000a2400000, 0x00000000a78a0000, 0x00000000c1800000)
  eden space 69376K, 100% used [0x00000000a2400000, 0x00000000a67c0000, 0x00000000a67c0000)
  from space 8640K,  30% used [0x00000000a7030000, 0x00000000a72c8b30, 0x00000000a78a0000)
  to   space 8640K,   0% used [0x00000000a67c0000, 0x00000000a67c0000, 0x00000000a7030000)
 tenured generation   total 173440K, used 15278K [0x00000000c1800000, 0x00000000cc160000, 0x0000000100000000)
   the space 173440K,   8% used [0x00000000c1800000, 0x00000000c26eb830, 0x00000000c26eba00, 0x00000000cc160000)
 Metaspace       used 18424K, capacity 18782K, committed 19072K, reserved 1067008K
  class space    used 2015K, capacity 2095K, committed 2176K, reserved 1048576K
Event: 4.308 GC heap after
Heap after GC invocations=10 (full 0):
 def new generation   total 78016K, used 1329K [0x00000000a2400000, 0x00000000a78a0000, 0x00000000c1800000)
  eden space 69376K,   0% used [0x00000000a2400000, 0x00000000a2400000, 0x00000000a67c0000)
  from space 8640K,  15% used [0x00000000a67c0000, 0x00000000a690c4b8, 0x00000000a7030000)
  to   space 8640K,   0% used [0x00000000a7030000, 0x00000000a7030000, 0x00000000a78a0000)
 tenured generation   total 173440K, used 15278K [0x00000000c1800000, 0x00000000cc160000, 0x0000000100000000)
   the space 173440K,   8% used [0x00000000c1800000, 0x00000000c26eb830, 0x00000000c26eba00, 0x00000000cc160000)
 Metaspace       used 18424K, capacity 18782K, committed 19072K, reserved 1067008K
  class space    used 2015K, capacity 2095K, committed 2176K, reserved 1048576K
}
Event: 4.443 GC heap before
{Heap before GC invocations=10 (full 0):
 def new generation   total 78016K, used 70705K [0x00000000a2400000, 0x00000000a78a0000, 0x00000000c1800000)
  eden space 69376K, 100% used [0x00000000a2400000, 0x00000000a67c0000, 0x00000000a67c0000)
  from space 8640K,  15% used [0x00000000a67c0000, 0x00000000a690c4b8, 0x00000000a7030000)
  to   space 8640K,   0% used [0x00000000a7030000, 0x00000000a7030000, 0x00000000a78a0000)
 tenured generation   total 173440K, used 15278K [0x00000000c1800000, 0x00000000cc160000, 0x0000000100000000)
   the space 173440K,   8% used [0x00000000c1800000, 0x00000000c26eb830, 0x00000000c26eba00, 0x00000000cc160000)
 Metaspace       used 18481K, capacity 18782K, committed 19072K, reserved 1067008K
  class space    used 2027K, capacity 2095K, committed 2176K, reserved 1048576K
Event: 4.448 GC heap after
Heap after GC invocations=11 (full 0):
 def new generation   total 78016K, used 1498K [0x00000000a2400000, 0x00000000a78a0000, 0x00000000c1800000)
  eden space 69376K,   0% used [0x00000000a2400000, 0x00000000a2400000, 0x00000000a67c0000)
  from space 8640K,  17% used [0x00000000a7030000, 0x00000000a71a6be0, 0x00000000a78a0000)
  to   space 8640K,   0% used [0x00000000a67c0000, 0x00000000a67c0000, 0x00000000a7030000)
 tenured generation   total 173440K, used 15278K [0x00000000c1800000, 0x00000000cc160000, 0x0000000100000000)
   the space 173440K,   8% used [0x00000000c1800000, 0x00000000c26eb830, 0x00000000c26eba00, 0x00000000cc160000)
 Metaspace       used 18481K, capacity 18782K, committed 19072K, reserved 1067008K
  class space    used 2027K, capacity 2095K, committed 2176K, reserved 1048576K
}
Event: 4.939 GC heap before
{Heap before GC invocations=11 (full 0):
 def new generation   total 78016K, used 70874K [0x00000000a2400000, 0x00000000a78a0000, 0x00000000c1800000)
  eden space 69376K, 100% used [0x00000000a2400000, 0x00000000a67c0000, 0x00000000a67c0000)
  from space 8640K,  17% used [0x00000000a7030000, 0x00000000a71a6be0, 0x00000000a78a0000)
  to   space 8640K,   0% used [0x00000000a67c0000, 0x00000000a67c0000, 0x00000000a7030000)
 tenured generation   total 173440K, used 15278K [0x00000000c1800000, 0x00000000cc160000, 0x0000000100000000)
   the space 173440K,   8% used [0x00000000c1800000, 0x00000000c26eb830, 0x00000000c26eba00, 0x00000000cc160000)
 Metaspace       used 19547K, capacity 19944K, committed 20224K, reserved 1067008K
  class space    used 2138K, capacity 2230K, committed 2304K, reserved 1048576K
Event: 4.951 GC heap after
Heap after GC invocations=12 (full 0):
 def new generation   total 78016K, used 3204K [0x00000000a2400000, 0x00000000a78a0000, 0x00000000c1800000)
  eden space 69376K,   0% used [0x00000000a2400000, 0x00000000a2400000, 0x00000000a67c0000)
  from space 8640K,  37% used [0x00000000a67c0000, 0x00000000a6ae1340, 0x00000000a7030000)
  to   space 8640K,   0% used [0x00000000a7030000, 0x00000000a7030000, 0x00000000a78a0000)
 tenured generation   total 173440K, used 15278K [0x00000000c1800000, 0x00000000cc160000, 0x0000000100000000)
   the space 173440K,   8% used [0x00000000c1800000, 0x00000000c26eb830, 0x00000000c26eba00, 0x00000000cc160000)
 Metaspace       used 19547K, capacity 19944K, committed 20224K, reserved 1067008K
  class space    used 2138K, capacity 2230K, committed 2304K, reserved 1048576K
}

